<?xml version="1.0" encoding="UTF-8"?>
<!-- Generated by org.testng.reporters.JUnitXMLReporter -->
<testsuite hostname="DESKTOP-4K87757" ignored="0" name="Test" tests="4" failures="0" timestamp="12 Apr 2020 08:34:55 GMT" time="0.288" errors="0">
  <testcase name="deleteTwitter" time="0.033" classname="Qaclickacademy.RestAPITest"/>
  <testcase name="postJira" time="0.002" classname="Qaclickacademy.RestAPITest"/>
  <testcase name="IOSApps" time="0.006" classname="Qaclickacademy.AppiumTest"/>
  <testcase name="NativeAppAndroid" time="0.002" classname="Qaclickacademy.AppiumTest"/>
</testsuite> <!-- Test -->
