<?xml version="1.0" encoding="UTF-8"?>
<!-- Generated by org.testng.reporters.JUnitXMLReporter -->
<testsuite hostname="DESKTOP-4K87757" ignored="0" name="Test" tests="6" failures="0" timestamp="2020-04-11T12:53:05 IST" time="0.062" errors="0">
  <testcase name="deleteTwitter" time="0.0" classname="Qaclickacademy.RestAPITest"/>
  <testcase name="postJira" time="0.0" classname="Qaclickacademy.RestAPITest"/>
  <testcase name="IOSApps" time="0.0" classname="Qaclickacademy.AppiumTest"/>
  <testcase name="NativeAppAndroid" time="0.0" classname="Qaclickacademy.AppiumTest"/>
  <testcase name="BrowserAutomation" time="0.0" classname="Qaclickacademy.SeleniumTest"/>
  <testcase name="elementUi" time="0.0" classname="Qaclickacademy.SeleniumTest"/>
</testsuite> <!-- Test -->
