<?xml version="1.0" encoding="UTF-8"?>
<testng-results skipped="0" failed="0" ignored="0" total="6" passed="6">
  <reporter-output>
  </reporter-output>
  <suite name="Suite" duration-ms="62" started-at="2020-04-11T12:53:05 IST" finished-at="2020-04-11T12:53:05 IST">
    <groups>
    </groups>
    <test name="Test" duration-ms="62" started-at="2020-04-11T12:53:05 IST" finished-at="2020-04-11T12:53:05 IST">
      <class name="Qaclickacademy.RestAPITest">
        <test-method status="PASS" signature="deleteTwitter()[pri:0, instance:Qaclickacademy.RestAPITest@1753b6d]" name="deleteTwitter" duration-ms="0" started-at="2020-04-11T12:53:05 IST" finished-at="2020-04-11T12:53:05 IST">
          <reporter-output>
          </reporter-output>
        </test-method> <!-- deleteTwitter -->
        <test-method status="PASS" signature="postJira()[pri:0, instance:Qaclickacademy.RestAPITest@1753b6d]" name="postJira" duration-ms="0" started-at="2020-04-11T12:53:05 IST" finished-at="2020-04-11T12:53:05 IST">
          <reporter-output>
          </reporter-output>
        </test-method> <!-- postJira -->
      </class> <!-- Qaclickacademy.RestAPITest -->
      <class name="Qaclickacademy.SeleniumTest">
        <test-method status="PASS" signature="elementUi()[pri:0, instance:Qaclickacademy.SeleniumTest@136e911]" name="elementUi" duration-ms="0" started-at="2020-04-11T12:53:05 IST" finished-at="2020-04-11T12:53:05 IST">
          <reporter-output>
          </reporter-output>
        </test-method> <!-- elementUi -->
        <test-method status="PASS" signature="BrowserAutomation()[pri:0, instance:Qaclickacademy.SeleniumTest@136e911]" name="BrowserAutomation" duration-ms="0" started-at="2020-04-11T12:53:05 IST" finished-at="2020-04-11T12:53:05 IST">
          <reporter-output>
          </reporter-output>
        </test-method> <!-- BrowserAutomation -->
      </class> <!-- Qaclickacademy.SeleniumTest -->
      <class name="Qaclickacademy.AppiumTest">
        <test-method status="PASS" signature="NativeAppAndroid()[pri:0, instance:Qaclickacademy.AppiumTest@109bb57]" name="NativeAppAndroid" duration-ms="0" started-at="2020-04-11T12:53:05 IST" finished-at="2020-04-11T12:53:05 IST">
          <reporter-output>
          </reporter-output>
        </test-method> <!-- NativeAppAndroid -->
        <test-method status="PASS" signature="IOSApps()[pri:0, instance:Qaclickacademy.AppiumTest@109bb57]" name="IOSApps" duration-ms="0" started-at="2020-04-11T12:53:05 IST" finished-at="2020-04-11T12:53:05 IST">
          <reporter-output>
          </reporter-output>
        </test-method> <!-- IOSApps -->
      </class> <!-- Qaclickacademy.AppiumTest -->
    </test> <!-- Test -->
  </suite> <!-- Suite -->
</testng-results>
