<?xml version="1.0" encoding="UTF-8"?>
<testng-results skipped="0" failed="0" ignored="0" total="4" passed="4">
  <reporter-output>
  </reporter-output>
  <suite name="Suite" duration-ms="288" started-at="2020-04-12T08:34:55Z" finished-at="2020-04-12T08:34:55Z">
    <groups>
    </groups>
    <test name="Test" duration-ms="288" started-at="2020-04-12T08:34:55Z" finished-at="2020-04-12T08:34:55Z">
      <class name="Qaclickacademy.RestAPITest">
        <test-method status="PASS" signature="deleteTwitter()[pri:0, instance:Qaclickacademy.RestAPITest@f777e8]" name="deleteTwitter" duration-ms="33" started-at="2020-04-12T08:34:55Z" finished-at="2020-04-12T08:34:55Z">
          <reporter-output>
          </reporter-output>
        </test-method> <!-- deleteTwitter -->
        <test-method status="PASS" signature="postJira()[pri:0, instance:Qaclickacademy.RestAPITest@f777e8]" name="postJira" duration-ms="2" started-at="2020-04-12T08:34:55Z" finished-at="2020-04-12T08:34:55Z">
          <reporter-output>
          </reporter-output>
        </test-method> <!-- postJira -->
      </class> <!-- Qaclickacademy.RestAPITest -->
      <class name="Qaclickacademy.AppiumTest">
        <test-method status="PASS" signature="IOSApps()[pri:0, instance:Qaclickacademy.AppiumTest@13ad2d6]" name="IOSApps" duration-ms="6" started-at="2020-04-12T08:34:55Z" finished-at="2020-04-12T08:34:55Z">
          <reporter-output>
          </reporter-output>
        </test-method> <!-- IOSApps -->
        <test-method status="PASS" signature="NativeAppAndroid()[pri:0, instance:Qaclickacademy.AppiumTest@13ad2d6]" name="NativeAppAndroid" duration-ms="2" started-at="2020-04-12T08:34:55Z" finished-at="2020-04-12T08:34:55Z">
          <reporter-output>
          </reporter-output>
        </test-method> <!-- NativeAppAndroid -->
      </class> <!-- Qaclickacademy.AppiumTest -->
    </test> <!-- Test -->
  </suite> <!-- Suite -->
</testng-results>
